<html>
<head>
<title>TestNG:  Test</title>
<link href="../testng.css" rel="stylesheet" type="text/css" />
<link href="../my-testng.css" rel="stylesheet" type="text/css" />

<style type="text/css">
.log { display: none;} 
.stack-trace { display: none;} 
</style>
<script type="text/javascript">
<!--
function flip(e) {
  current = e.style.display;
  if (current == 'block') {
    e.style.display = 'none';
    return 0;
  }
  else {
    e.style.display = 'block';
    return 1;
  }
}

function toggleBox(szDivId, elem, msg1, msg2)
{
  var res = -1;  if (document.getElementById) {
    res = flip(document.getElementById(szDivId));
  }
  else if (document.all) {
    // this is the way old msie versions work
    res = flip(document.all[szDivId]);
  }
  if(elem) {
    if(res == 0) elem.innerHTML = msg1; else elem.innerHTML = msg2;
  }

}

function toggleAllBoxes() {
  if (document.getElementsByTagName) {
    d = document.getElementsByTagName('div');
    for (i = 0; i < d.length; i++) {
      if (d[i].className == 'log') {
        flip(d[i]);
      }
    }
  }
}

// -->
</script>

</head>
<body>
<h2 align='center'>Test</h2><table border='1' align="center">
<tr>
<td>Tests passed/Failed/Skipped:</td><td>14/1/0</td>
</tr><tr>
<td>Started on:</td><td>Mon Feb 27 13:12:39 MSK 2017</td>
</tr>
<tr><td>Total time:</td><td>27 seconds (27426 ms)</td>
</tr><tr>
<td>Included groups:</td><td></td>
</tr><tr>
<td>Excluded groups:</td><td></td>
</tr>
</table><p/>
<small><i>(Hover the method name to see the test class name)</i></small><p/>
<table width='100%' border='1' class='invocation-failed'>
<tr><td colspan='4' align='center'><b>FAILED TESTS</b></td></tr>
<tr><td><b>Test method</b></td>
<td width="30%"><b>Exception</b></td>
<td width="10%"><b>Time (seconds)</b></td>
<td><b>Instance</b></td>
</tr>
<tr>
<td title='google.api.test.PlaceSearch.getRequestRadiusGreaterThan5000()'><b>getRequestRadiusGreaterThan5000</b><br>Test class: google.api.test.PlaceSearch</td>
<td><div><pre>java.lang.AssertionError: 1 expectation failed.
JSON path status doesn&apos;t match.
Expected: INVALID_REQUEST
  Actual: OK

	at org.codehaus.groovy.runtime.callsite.ConstructorSite$ConstructorSiteNoUnwrap.callConstructor(ConstructorSite.java:84)
	at org.codehaus.groovy.runtime.callsite.CallSiteArray.defaultCallConstructor(CallSiteArray.java:60)
	at org.codehaus.groovy.runtime.callsite.AbstractCallSite.callConstructor(AbstractCallSite.java:235)
	at org.codehaus.groovy.runtime.callsite.AbstractCallSite.callConstructor(AbstractCallSite.java:247)
	at io.restassured.internal.ResponseSpecificationImpl$HamcrestAssertionClosure.validate(ResponseSpecificationImpl.groovy:471)
	at io.restassured.internal.ResponseSpecificationImpl$HamcrestAssertionClosure$validate$1.call(Unknown Source)
	at io.restassured.internal.ResponseSpecificationImpl.validateResponseIfRequired(ResponseSpecificationImpl.groovy:636)
	at org.codehaus.groovy.runtime.callsite.PogoMetaMethodSite$PogoCachedMethodSiteNoUnwrapNoCoerce.invoke(PogoMetaMethodSite.java:210)
	at org.codehaus.groovy.runtime.callsite.PogoMetaMethodSite.callCurrent(PogoMetaMethodSite.java:59)
	at org.codehaus.groovy.runtime.callsite.AbstractCallSite.callCurrent(AbstractCallSite.java:166)
	at io.restassured.internal.ResponseSpecificationImpl.content(ResponseSpecificationImpl.groovy:265)
	at io.restassured.specification.ResponseSpecification$content$1.callCurrent(Unknown Source)
	at io.restassured.internal.ResponseSpecificationImpl.body(ResponseSpecificationImpl.groovy:248)
	at io.restassured.internal.ValidatableResponseOptionsImpl.body(ValidatableResponseOptionsImpl.java:268)
	at google.api.test.PlaceSearch.getRequestRadiusGreaterThan5000(PlaceSearch.java:62)
... Removed 38 stack frames</pre></div><a href='#' onClick='toggleBox("stack-trace504478805", this, "Click to show all stack frames", "Click to hide stack frames")'>Click to show all stack frames</a>
<div class='stack-trace' id='stack-trace504478805'><pre>java.lang.AssertionError: 1 expectation failed.
JSON path status doesn&apos;t match.
Expected: INVALID_REQUEST
  Actual: OK

	at sun.reflect.NativeConstructorAccessorImpl.newInstance0(Native Method)
	at sun.reflect.NativeConstructorAccessorImpl.newInstance(NativeConstructorAccessorImpl.java:62)
	at sun.reflect.DelegatingConstructorAccessorImpl.newInstance(DelegatingConstructorAccessorImpl.java:45)
	at java.lang.reflect.Constructor.newInstance(Constructor.java:423)
	at org.codehaus.groovy.reflection.CachedConstructor.invoke(CachedConstructor.java:83)
	at org.codehaus.groovy.reflection.CachedConstructor.doConstructorInvoke(CachedConstructor.java:77)
	at org.codehaus.groovy.runtime.callsite.ConstructorSite$ConstructorSiteNoUnwrap.callConstructor(ConstructorSite.java:84)
	at org.codehaus.groovy.runtime.callsite.CallSiteArray.defaultCallConstructor(CallSiteArray.java:60)
	at org.codehaus.groovy.runtime.callsite.AbstractCallSite.callConstructor(AbstractCallSite.java:235)
	at org.codehaus.groovy.runtime.callsite.AbstractCallSite.callConstructor(AbstractCallSite.java:247)
	at io.restassured.internal.ResponseSpecificationImpl$HamcrestAssertionClosure.validate(ResponseSpecificationImpl.groovy:471)
	at io.restassured.internal.ResponseSpecificationImpl$HamcrestAssertionClosure$validate$1.call(Unknown Source)
	at io.restassured.internal.ResponseSpecificationImpl.validateResponseIfRequired(ResponseSpecificationImpl.groovy:636)
	at sun.reflect.NativeMethodAccessorImpl.invoke0(Native Method)
	at sun.reflect.NativeMethodAccessorImpl.invoke(NativeMethodAccessorImpl.java:62)
	at sun.reflect.DelegatingMethodAccessorImpl.invoke(DelegatingMethodAccessorImpl.java:43)
	at java.lang.reflect.Method.invoke(Method.java:498)
	at org.codehaus.groovy.runtime.callsite.PogoMetaMethodSite$PogoCachedMethodSiteNoUnwrapNoCoerce.invoke(PogoMetaMethodSite.java:210)
	at org.codehaus.groovy.runtime.callsite.PogoMetaMethodSite.callCurrent(PogoMetaMethodSite.java:59)
	at org.codehaus.groovy.runtime.callsite.AbstractCallSite.callCurrent(AbstractCallSite.java:166)
	at io.restassured.internal.ResponseSpecificationImpl.content(ResponseSpecificationImpl.groovy:265)
	at io.restassured.specification.ResponseSpecification$content$1.callCurrent(Unknown Source)
	at io.restassured.internal.ResponseSpecificationImpl.body(ResponseSpecificationImpl.groovy:248)
	at io.restassured.internal.ValidatableResponseOptionsImpl.body(ValidatableResponseOptionsImpl.java:268)
	at google.api.test.PlaceSearch.getRequestRadiusGreaterThan5000(PlaceSearch.java:62)
	at sun.reflect.NativeMethodAccessorImpl.invoke0(Native Method)
	at sun.reflect.NativeMethodAccessorImpl.invoke(NativeMethodAccessorImpl.java:62)
	at sun.reflect.DelegatingMethodAccessorImpl.invoke(DelegatingMethodAccessorImpl.java:43)
	at java.lang.reflect.Method.invoke(Method.java:498)
	at org.testng.internal.MethodInvocationHelper.invokeMethod(MethodInvocationHelper.java:104)
	at org.testng.internal.Invoker.invokeMethod(Invoker.java:645)
	at org.testng.internal.Invoker.invokeTestMethod(Invoker.java:851)
	at org.testng.internal.Invoker.invokeTestMethods(Invoker.java:1177)
	at org.testng.internal.TestMethodWorker.invokeTestMethods(TestMethodWorker.java:129)
	at org.testng.internal.TestMethodWorker.run(TestMethodWorker.java:112)
	at org.testng.TestRunner.privateRun(TestRunner.java:756)
	at org.testng.TestRunner.run(TestRunner.java:610)
	at org.testng.SuiteRunner.runTest(SuiteRunner.java:387)
	at org.testng.SuiteRunner.runSequentially(SuiteRunner.java:382)
	at org.testng.SuiteRunner.privateRun(SuiteRunner.java:340)
	at org.testng.SuiteRunner.run(SuiteRunner.java:289)
	at org.testng.SuiteRunnerWorker.runSuite(SuiteRunnerWorker.java:52)
	at org.testng.SuiteRunnerWorker.run(SuiteRunnerWorker.java:86)
	at org.testng.TestNG.runSuitesSequentially(TestNG.java:1293)
	at org.testng.TestNG.runSuitesLocally(TestNG.java:1218)
	at org.testng.TestNG.runSuites(TestNG.java:1133)
	at org.testng.TestNG.run(TestNG.java:1104)
	at org.apache.maven.surefire.testng.TestNGExecutor.run(TestNGExecutor.java:281)
	at org.apache.maven.surefire.testng.TestNGXmlTestSuite.execute(TestNGXmlTestSuite.java:75)
	at org.apache.maven.surefire.testng.TestNGProvider.invoke(TestNGProvider.java:121)
	at org.apache.maven.surefire.booter.ForkedBooter.invokeProviderInSameClassLoader(ForkedBooter.java:290)
	at org.apache.maven.surefire.booter.ForkedBooter.runSuitesInProcess(ForkedBooter.java:242)
	at org.apache.maven.surefire.booter.ForkedBooter.main(ForkedBooter.java:121)
</pre></div></td>
<td>1</td>
<td>google.api.test.PlaceSearch@2c8d66b2</td></tr>
</table><p>
<table width='100%' border='1' class='invocation-passed'>
<tr><td colspan='4' align='center'><b>PASSED TESTS</b></td></tr>
<tr><td><b>Test method</b></td>
<td width="30%"><b>Exception</b></td>
<td width="10%"><b>Time (seconds)</b></td>
<td><b>Instance</b></td>
</tr>
<tr>
<td title='google.api.test.PlaceAddDelete.alreadyDeletedPOSTRequestDelete()'><b>alreadyDeletedPOSTRequestDelete</b><br>Test class: google.api.test.PlaceAddDelete<br>Test method: status message for already deleted place in response body</td>
<td></td>
<td>1</td>
<td>google.api.test.PlaceAddDelete@7d417077</td></tr>
<tr>
<td title='google.api.test.PlaceDetails.getRequestDifferentPlaceID()'><b>getRequestDifferentPlaceID</b><br>Test class: google.api.test.PlaceDetails</td>
<td></td>
<td>1</td>
<td>google.api.test.PlaceDetails@5a39699c</td></tr>
<tr>
<td title='google.api.test.PlaceDetails.getRequestEmptyAPIKey()'><b>getRequestEmptyAPIKey</b><br>Test class: google.api.test.PlaceDetails</td>
<td></td>
<td>1</td>
<td>google.api.test.PlaceDetails@5a39699c</td></tr>
<tr>
<td title='google.api.test.PlaceDetails.getRequestEmptyPlaceID()'><b>getRequestEmptyPlaceID</b><br>Test class: google.api.test.PlaceDetails</td>
<td></td>
<td>1</td>
<td>google.api.test.PlaceDetails@5a39699c</td></tr>
<tr>
<td title='google.api.test.PlaceDetails.getRequestInvalidAPIKey()'><b>getRequestInvalidAPIKey</b><br>Test class: google.api.test.PlaceDetails</td>
<td></td>
<td>1</td>
<td>google.api.test.PlaceDetails@5a39699c</td></tr>
<tr>
<td title='google.api.test.PlaceDetails.getRequestInvalidParams()'><b>getRequestInvalidParams</b><br>Test class: google.api.test.PlaceDetails</td>
<td></td>
<td>1</td>
<td>google.api.test.PlaceDetails@5a39699c</td></tr>
<tr>
<td title='google.api.test.PlaceDetails.getRequestInvalidPlaceID()'><b>getRequestInvalidPlaceID</b><br>Test class: google.api.test.PlaceDetails</td>
<td></td>
<td>1</td>
<td>google.api.test.PlaceDetails@5a39699c</td></tr>
<tr>
<td title='google.api.test.PlaceSearch.getRequestLanguageEnglish()'><b>getRequestLanguageEnglish</b><br>Test class: google.api.test.PlaceSearch</td>
<td></td>
<td>3</td>
<td>google.api.test.PlaceSearch@2c8d66b2</td></tr>
<tr>
<td title='google.api.test.PlaceSearch.getRequestLanguageTurkish()'><b>getRequestLanguageTurkish</b><br>Test class: google.api.test.PlaceSearch</td>
<td></td>
<td>1</td>
<td>google.api.test.PlaceSearch@2c8d66b2</td></tr>
<tr>
<td title='google.api.test.PlaceDetails.getRequestMissingAPIKey()'><b>getRequestMissingAPIKey</b><br>Test class: google.api.test.PlaceDetails</td>
<td></td>
<td>1</td>
<td>google.api.test.PlaceDetails@5a39699c</td></tr>
<tr>
<td title='google.api.test.PlaceDetails.getRequestMissingPlaceID()'><b>getRequestMissingPlaceID</b><br>Test class: google.api.test.PlaceDetails</td>
<td></td>
<td>1</td>
<td>google.api.test.PlaceDetails@5a39699c</td></tr>
<tr>
<td title='google.api.test.PlaceDetails.getRequestValidParams()'><b>getRequestValidParams</b><br>Test class: google.api.test.PlaceDetails</td>
<td></td>
<td>1</td>
<td>google.api.test.PlaceDetails@5a39699c</td></tr>
<tr>
<td title='google.api.test.PlaceAddDelete.successfulPOSTRequestAdd()'><b>successfulPOSTRequestAdd</b><br>Test class: google.api.test.PlaceAddDelete<br>Test method: Successful Place Add</td>
<td></td>
<td>1</td>
<td>google.api.test.PlaceAddDelete@7d417077</td></tr>
<tr>
<td title='google.api.test.PlaceAddDelete.successfulPOSTRequestDelete()'><b>successfulPOSTRequestDelete</b><br>Test class: google.api.test.PlaceAddDelete<br>Test method: Successful Place Delete</td>
<td></td>
<td>1</td>
<td>google.api.test.PlaceAddDelete@7d417077</td></tr>
</table><p>
</body>
</html>