<?xml version="1.0" encoding="UTF-8"?>
<!-- Generated by org.testng.reporters.JUnitXMLReporter -->
<testsuite hostname="AND0026" ignored="0" name="Test" tests="15" failures="1" timestamp="27 Åžub 2017 10:13:07 GMT" time="27.426" errors="0">
  <testcase name="getRequestLanguageEnglish" time="3.56" classname="google.api.test.PlaceSearch"/>
  <testcase name="getRequestLanguageTurkish" time="1.927" classname="google.api.test.PlaceSearch"/>
  <testcase name="getRequestRadiusGreaterThan5000" time="1.969" classname="google.api.test.PlaceSearch">
    <failure type="java.lang.AssertionError" message="1 expectation failed.
JSON path status doesn&amp;apos;t match.
Expected: INVALID_REQUEST
  Actual: OK
">
      <![CDATA[java.lang.AssertionError: 1 expectation failed.
JSON path status doesn't match.
Expected: INVALID_REQUEST
  Actual: OK

	at org.codehaus.groovy.runtime.callsite.ConstructorSite$ConstructorSiteNoUnwrap.callConstructor(ConstructorSite.java:84)
	at org.codehaus.groovy.runtime.callsite.CallSiteArray.defaultCallConstructor(CallSiteArray.java:60)
	at org.codehaus.groovy.runtime.callsite.AbstractCallSite.callConstructor(AbstractCallSite.java:235)
	at org.codehaus.groovy.runtime.callsite.AbstractCallSite.callConstructor(AbstractCallSite.java:247)
	at io.restassured.internal.ResponseSpecificationImpl$HamcrestAssertionClosure.validate(ResponseSpecificationImpl.groovy:471)
	at io.restassured.internal.ResponseSpecificationImpl$HamcrestAssertionClosure$validate$1.call(Unknown Source)
	at io.restassured.internal.ResponseSpecificationImpl.validateResponseIfRequired(ResponseSpecificationImpl.groovy:636)
	at org.codehaus.groovy.runtime.callsite.PogoMetaMethodSite$PogoCachedMethodSiteNoUnwrapNoCoerce.invoke(PogoMetaMethodSite.java:210)
	at org.codehaus.groovy.runtime.callsite.PogoMetaMethodSite.callCurrent(PogoMetaMethodSite.java:59)
	at org.codehaus.groovy.runtime.callsite.AbstractCallSite.callCurrent(AbstractCallSite.java:166)
	at io.restassured.internal.ResponseSpecificationImpl.content(ResponseSpecificationImpl.groovy:265)
	at io.restassured.specification.ResponseSpecification$content$1.callCurrent(Unknown Source)
	at io.restassured.internal.ResponseSpecificationImpl.body(ResponseSpecificationImpl.groovy:248)
	at io.restassured.internal.ValidatableResponseOptionsImpl.body(ValidatableResponseOptionsImpl.java:268)
	at google.api.test.PlaceSearch.getRequestRadiusGreaterThan5000(PlaceSearch.java:62)
... Removed 38 stack frames]]>
    </failure>
  </testcase> <!-- getRequestRadiusGreaterThan5000 -->
  <testcase name="getRequestDifferentPlaceID" time="1.726" classname="google.api.test.PlaceDetails"/>
  <testcase name="getRequestEmptyAPIKey" time="1.638" classname="google.api.test.PlaceDetails"/>
  <testcase name="getRequestEmptyPlaceID" time="1.63" classname="google.api.test.PlaceDetails"/>
  <testcase name="getRequestInvalidAPIKey" time="1.63" classname="google.api.test.PlaceDetails"/>
  <testcase name="getRequestInvalidParams" time="1.628" classname="google.api.test.PlaceDetails"/>
  <testcase name="getRequestInvalidPlaceID" time="1.632" classname="google.api.test.PlaceDetails"/>
  <testcase name="getRequestMissingAPIKey" time="1.669" classname="google.api.test.PlaceDetails"/>
  <testcase name="getRequestMissingPlaceID" time="1.652" classname="google.api.test.PlaceDetails"/>
  <testcase name="getRequestValidParams" time="1.682" classname="google.api.test.PlaceDetails"/>
  <testcase name="successfulPOSTRequestAdd" time="1.691" classname="google.api.test.PlaceAddDelete"/>
  <testcase name="successfulPOSTRequestDelete" time="1.661" classname="google.api.test.PlaceAddDelete"/>
  <testcase name="alreadyDeletedPOSTRequestDelete" time="1.702" classname="google.api.test.PlaceAddDelete"/>
</testsuite> <!-- Test -->
